<?xml version="1.0" encoding="UTF-8"?>
<!-- Generated by org.testng.reporters.JUnitReportReporter -->
<testsuite skipped="0" hostname="LAPTOP-U5R75B09" name="org.combine.TestNg3" tests="3" failures="0" timestamp="20 Dec 2022 10:49:07 GMT" time="0.060" errors="0">
  <testcase name="tc222" time="0.035" classname="org.combine.TestNg3"/>
  <testcase name="tc111" time="0.008" classname="org.combine.TestNg3"/>
  <testcase name="tc333" time="0.017" classname="org.combine.TestNg3"/>
</testsuite> <!-- org.combine.TestNg3 -->
