<?xml version="1.0" encoding="UTF-8"?>
<!-- Generated by org.testng.reporters.JUnitReportReporter -->
<testsuite skipped="0" hostname="LAPTOP-U5R75B09" name="org.combine.TestNg1" tests="3" failures="0" timestamp="20 Dec 2022 10:49:07 GMT" time="0.054" errors="0">
  <testcase name="tc1" time="0.018" classname="org.combine.TestNg1"/>
  <testcase name="tc2" time="0.018" classname="org.combine.TestNg1"/>
  <testcase name="tc3" time="0.018" classname="org.combine.TestNg1"/>
</testsuite> <!-- org.combine.TestNg1 -->
