<?xml version="1.0" encoding="UTF-8"?>
<!-- Generated by org.testng.reporters.JUnitReportReporter -->
<testsuite skipped="0" hostname="LAPTOP-U5R75B09" name="org.combine.TestNg2" tests="3" failures="0" timestamp="20 Dec 2022 10:49:07 GMT" time="0.060" errors="0">
  <testcase name="tc11" time="0.024" classname="org.combine.TestNg2"/>
  <testcase name="tc33" time="0.018" classname="org.combine.TestNg2"/>
  <testcase name="tc22" time="0.018" classname="org.combine.TestNg2"/>
</testsuite> <!-- org.combine.TestNg2 -->
